<?xml version="1.0" encoding="UTF-8"?>
<testng-results ignored="0" total="1" passed="1" failed="0" skipped="0">
  <reporter-output>
  </reporter-output>
  <suite started-at="2022-01-19T19:03:19 IST" name="Default suite" finished-at="2022-01-19T19:11:18 IST" duration-ms="479542">
    <groups>
    </groups>
    <test started-at="2022-01-19T19:03:19 IST" name="Default test" finished-at="2022-01-19T19:11:18 IST" duration-ms="479542">
      <class name="PlaceHolder.Placeholder">
        <test-method signature="Placeholder1()[pri:0, instance:PlaceHolder.Placeholder@769e7ee8]" started-at="2022-01-19T19:03:19 IST" name="Placeholder1" finished-at="2022-01-19T19:11:18 IST" duration-ms="479493" status="PASS">
          <reporter-output>
          </reporter-output>
        </test-method> <!-- Placeholder1 -->
      </class> <!-- PlaceHolder.Placeholder -->
    </test> <!-- Default test -->
  </suite> <!-- Default suite -->
</testng-results>
